#
# A fatal error has been detected by the Java Runtime Environment:
#
#  SIGSEGV (0xb) at pc=0x00007fd1b130fe76, pid=12582, tid=0x00007fd1917d0700
#
# JRE version: OpenJDK Runtime Environment (8.0_121-b13) (build 1.8.0_121-8u121-b13-0ubuntu1.16.04.2-b13)
# Java VM: OpenJDK 64-Bit Server VM (25.121-b13 mixed mode linux-amd64 compressed oops)
# Problematic frame:
# C  [libc.so.6+0x9ee76]
#
# Failed to write core dump. Core dumps have been disabled. To enable core dumping, try "ulimit -c unlimited" before starting Java again
#
# If you would like to submit a bug report, please visit:
#   http://bugreport.java.com/bugreport/crash.jsp
#

---------------  T H R E A D  ---------------

Current thread (0x00007fd1a8161000):  JavaThread "bThread" [_thread_in_vm, id=12600, stack(0x00007fd1916d0000,0x00007fd1917d1000)]

siginfo: si_signo: 11 (SIGSEGV), si_code: 1 (SEGV_MAPERR), si_addr: 0x0000000000000f9c

Registers:
RAX=0xffffffff13cb0508, RBX=0x00007fd1a8161000, RCX=0x0000000000000008, RDX=0x0000000000000004
RSP=0x00007fd1917cf888, RBP=0x00007fd1917cf900, RSI=0x0000000000000f9c, RDI=0x00000000ec350a90
R8 =0x0000000000000f9c, R9 =0xffff802f941dd728, R10=0xffff802f941dd718, R11=0x00007fd158000078
R12=0x0000000000000004, R13=0x00007fd1a81611e0, R14=0x0000000000000000, R15=0x00007fd158001570
RIP=0x00007fd1b130fe76, EFLAGS=0x0000000000010202, CSGSFS=0x0000000000000033, ERR=0x0000000000000004
  TRAPNO=0x000000000000000e

Top of Stack: (sp=0x00007fd1917cf888)
0x00007fd1917cf888:   00007fd1b0372d41 0000000000000000
0x00007fd1917cf898:   0000000000000f9c 00007fd1a8161000
0x00007fd1917cf8a8:   0000000000000000 00007fd1a8161000
0x00007fd1917cf8b8:   0000000000000000 0000000000000000
0x00007fd1917cf8c8:   eec6ca1c08cd3a00 00007fd1a8161000
0x00007fd1917cf8d8:   00007fd1ad3077b8 0000000000000000
0x00007fd1917cf8e8:   00007fd1ad3077b8 00007fd1917cf9f8
0x00007fd1917cf8f8:   00007fd1a8161000 00007fd1917cf960
0x00007fd1917cf908:   00007fd191ffe7cc 000003e8ad3077b8
0x00007fd1917cf918:   00007fd1917cf9f0 00007fd1917cf9f8
0x00007fd1917cf928:   00007fd1a81611e0 00007fd1917cf9f8
0x00007fd1917cf938:   000003e7ad3077b8 00000000000003e8
0x00007fd1917cf948:   0000000000000f9c 00007fd158009e90
0x00007fd1917cf958:   00007fd158001570 00007fd1917cf9c8
0x00007fd1917cf968:   00007fd199017774 00007fd1917cf9c8
0x00007fd1917cf978:   00007fd199017507 00007fd1990174c2
0x00007fd1917cf988:   00007fd1917cf988 00007fd1ad3077b8
0x00007fd1917cf998:   00007fd1917cf9f8 00007fd1ad307820
0x00007fd1917cf9a8:   0000000000000000 00007fd1ad3077b8
0x00007fd1917cf9b8:   0000000000000000 00007fd1917cf9e8
0x00007fd1917cf9c8:   00007fd1917cfa48 00007fd199007d80
0x00007fd1917cf9d8:   0000000000000000 00007fd19901127b
0x00007fd1917cf9e8:   00000000000003e8 00000000ec1e7598
0x00007fd1917cf9f8:   00000000ec350a08 00000000ec2e1768
0x00007fd1917cfa08:   00007fd1917cfa08 00007fd1ad305b96
0x00007fd1917cfa18:   00007fd1917cfa68 00007fd1ad3073f8
0x00007fd1917cfa28:   0000000000000000 00007fd1ad305bc8
0x00007fd1917cfa38:   00007fd1917cf9e8 00007fd1917cfa68
0x00007fd1917cfa48:   00007fd1917cfad0 00007fd1990004e7
0x00007fd1917cfa58:   0000000000000000 00000000ec350a08
0x00007fd1917cfa68:   00000000ec2e1768 0000000000001fa0
0x00007fd1917cfa78:   00007fd1ad305bc8 00007fd1917cfcb0 

Instructions: (pc=0x00007fd1b130fe76)
0x00007fd1b130fe56:   07 48 83 e8 01 eb f3 48 8b 06 48 89 07 48 8b 44
0x00007fd1b130fe66:   16 f8 48 89 44 17 f8 e9 3c fe ff ff 31 c0 eb 90
0x00007fd1b130fe76:   8b 06 89 07 8b 44 16 fc 89 44 17 fc e9 27 fe ff
0x00007fd1b130fe86:   ff 66 0f 1f 84 00 00 00 00 00 48 39 d1 0f 82 c7 

Register to memory mapping:

RAX=0xffffffff13cb0508 is an unknown value
RBX=0x00007fd1a8161000 is a thread
RCX=0x0000000000000008 is an unknown value
RDX=0x0000000000000004 is an unknown value
RSP=0x00007fd1917cf888 is pointing into the stack for thread: 0x00007fd1a8161000
RBP=0x00007fd1917cf900 is pointing into the stack for thread: 0x00007fd1a8161000
RSI=0x0000000000000f9c is an unknown value
RDI=0x00000000ec350a90 is an oop

[error occurred during error reporting (printing register info), id 0xb]

Stack: [0x00007fd1916d0000,0x00007fd1917d1000],  sp=0x00007fd1917cf888,  free space=1022k
Native frames: (J=compiled Java code, j=interpreted, Vv=VM code, C=native code)
C  [libc.so.6+0x9ee76]
C  [libinsertsort.so+0x7cc]  Java_InsertionSort_insertsort+0x15c
j  InsertionSort.insertsort([II)[I+0
j  BackupThread.run()V+30
v  ~StubRoutines::call_stub
V  [libjvm.so+0x66161b]
V  [libjvm.so+0x65ec04]
V  [libjvm.so+0x65f1e7]
V  [libjvm.so+0x6a24d4]
V  [libjvm.so+0xa0aa97]
V  [libjvm.so+0xa0af5c]
V  [libjvm.so+0x8b2042]
C  [libpthread.so.0+0x76ba]  start_thread+0xca

Java frames: (J=compiled Java code, j=interpreted, Vv=VM code)
j  InsertionSort.insertsort([II)[I+0
j  BackupThread.run()V+30
v  ~StubRoutines::call_stub

---------------  P R O C E S S  ---------------

Java Threads: ( => current thread )
=>0x00007fd1a8161000 JavaThread "bThread" [_thread_in_vm, id=12600, stack(0x00007fd1916d0000,0x00007fd1917d1000)]
  0x00007fd1a8160000 JavaThread "Timer-1" [_thread_blocked, id=12599, stack(0x00007fd1917d1000,0x00007fd1918d2000)]
  0x00007fd1a80b9000 JavaThread "Service Thread" daemon [_thread_blocked, id=12595, stack(0x00007fd19821d000,0x00007fd19831e000)]
  0x00007fd1a80b1800 JavaThread "C1 CompilerThread2" daemon [_thread_blocked, id=12594, stack(0x00007fd19831e000,0x00007fd19841f000)]
  0x00007fd1a80b0000 JavaThread "C2 CompilerThread1" daemon [_thread_blocked, id=12593, stack(0x00007fd19841f000,0x00007fd198520000)]
  0x00007fd1a80ad000 JavaThread "C2 CompilerThread0" daemon [_thread_in_native, id=12592, stack(0x00007fd198520000,0x00007fd198621000)]
  0x00007fd1a80ab000 JavaThread "Signal Dispatcher" daemon [_thread_blocked, id=12591, stack(0x00007fd198621000,0x00007fd198722000)]
  0x00007fd1a8083800 JavaThread "Finalizer" daemon [_thread_blocked, id=12590, stack(0x00007fd1989fa000,0x00007fd198afb000)]
  0x00007fd1a807f000 JavaThread "Reference Handler" daemon [_thread_blocked, id=12589, stack(0x00007fd198afb000,0x00007fd198bfc000)]
  0x00007fd1a8009800 JavaThread "main" [_thread_blocked, id=12583, stack(0x00007fd1b194c000,0x00007fd1b1a4d000)]

Other Threads:
  0x00007fd1a8077000 VMThread [stack: 0x00007fd198bfc000,0x00007fd198cfd000] [id=12588]
  0x00007fd1a80bb800 WatcherThread [stack: 0x00007fd19811c000,0x00007fd19821d000] [id=12596]

VM state:not at safepoint (normal execution)

VM Mutex/Monitor currently owned by a thread: None

Heap:
 PSYoungGen      total 17920K, used 3695K [0x00000000ec000000, 0x00000000ed400000, 0x0000000100000000)
  eden space 15360K, 24% used [0x00000000ec000000,0x00000000ec39bf48,0x00000000ecf00000)
  from space 2560K, 0% used [0x00000000ed180000,0x00000000ed180000,0x00000000ed400000)
  to   space 2560K, 0% used [0x00000000ecf00000,0x00000000ecf00000,0x00000000ed180000)
 ParOldGen       total 40960K, used 0K [0x00000000c4000000, 0x00000000c6800000, 0x00000000ec000000)
  object space 40960K, 0% used [0x00000000c4000000,0x00000000c4000000,0x00000000c6800000)
 Metaspace       used 3523K, capacity 4506K, committed 4864K, reserved 1056768K
  class space    used 393K, capacity 394K, committed 512K, reserved 1048576K

Card table byte_map: [0x00007fd1ade28000,0x00007fd1ae009000] byte_map_base: 0x00007fd1ad808000

Marking Bits: (ParMarkBitMap*) 0x00007fd1b0c19220
 Begin Bits: [0x00007fd192200000, 0x00007fd193100000)
 End Bits:   [0x00007fd193100000, 0x00007fd194000000)

Polling page: 0x00007fd1b1a6b000

CodeCache: size=245760Kb used=1379Kb max_used=1393Kb free=244380Kb
 bounds [0x00007fd199000000, 0x00007fd199270000, 0x00007fd1a8000000]
 total_blobs=426 nmethods=167 adapters=174
 compilation: enabled

Compilation events (10 events):
Event: 0.160 Thread 0x00007fd1a80b1800  161       2       HeapSort::maxheap (128 bytes)
Event: 0.160 Thread 0x00007fd1a80b1800 nmethod 161 0x00007fd19914db90 code [0x00007fd19914dd20, 0x00007fd19914dfd8]
Event: 0.160 Thread 0x00007fd1a80b1800  162       2       HeapSort::swap (47 bytes)
Event: 0.160 Thread 0x00007fd1a80b1800 nmethod 162 0x00007fd19914c9d0 code [0x00007fd19914cb40, 0x00007fd19914ccf0]
Event: 0.161 Thread 0x00007fd1a80b1800  164       2       java.util.concurrent.ConcurrentHashMap::setTabAt (19 bytes)
Event: 0.161 Thread 0x00007fd1a80b1800 nmethod 164 0x00007fd19914e590 code [0x00007fd19914e6e0, 0x00007fd19914e850]
Event: 0.162 Thread 0x00007fd1a80b1800  166       1       java.net.URL::getProtocol (5 bytes)
Event: 0.162 Thread 0x00007fd1a80b1800 nmethod 166 0x00007fd19914eed0 code [0x00007fd19914f020, 0x00007fd19914f130]
Event: 0.163 Thread 0x00007fd1a80b1800  167       2       java.util.Arrays::copyOf (19 bytes)
Event: 0.163 Thread 0x00007fd1a80b1800 nmethod 167 0x00007fd19914f190 code [0x00007fd19914f300, 0x00007fd19914f568]

GC Heap History (0 events):
No events

Deoptimization events (0 events):
No events

Internal exceptions (8 events):
Event: 0.046 Thread 0x00007fd1a8009800 Exception <a 'java/lang/NoSuchMethodError': Method sun.misc.Unsafe.defineClass(Ljava/lang/String;[BII)Ljava/lang/Class; name or signature does not match> (0x00000000ec007ca8) thrown at [/build/openjdk-8-YiEakL/openjdk-8-8u121-b13/src/hotspot/src/share/vm/
Event: 0.046 Thread 0x00007fd1a8009800 Exception <a 'java/lang/NoSuchMethodError': Method sun.misc.Unsafe.prefetchRead(Ljava/lang/Object;J)V name or signature does not match> (0x00000000ec007f90) thrown at [/build/openjdk-8-YiEakL/openjdk-8-8u121-b13/src/hotspot/src/share/vm/prims/jni.cpp, lin
Event: 0.116 Thread 0x00007fd1a8009800 Exception <a 'java/security/PrivilegedActionException'> (0x00000000ec08a070) thrown at [/build/openjdk-8-YiEakL/openjdk-8-8u121-b13/src/hotspot/src/share/vm/prims/jvm.cpp, line 1390]
Event: 0.116 Thread 0x00007fd1a8009800 Exception <a 'java/security/PrivilegedActionException'> (0x00000000ec08a468) thrown at [/build/openjdk-8-YiEakL/openjdk-8-8u121-b13/src/hotspot/src/share/vm/prims/jvm.cpp, line 1390]
Event: 0.116 Thread 0x00007fd1a8009800 Exception <a 'java/security/PrivilegedActionException'> (0x00000000ec08c6d8) thrown at [/build/openjdk-8-YiEakL/openjdk-8-8u121-b13/src/hotspot/src/share/vm/prims/jvm.cpp, line 1390]
Event: 0.116 Thread 0x00007fd1a8009800 Exception <a 'java/security/PrivilegedActionException'> (0x00000000ec08cad0) thrown at [/build/openjdk-8-YiEakL/openjdk-8-8u121-b13/src/hotspot/src/share/vm/prims/jvm.cpp, line 1390]
Event: 0.116 Thread 0x00007fd1a8009800 Exception <a 'java/security/PrivilegedActionException'> (0x00000000ec08d790) thrown at [/build/openjdk-8-YiEakL/openjdk-8-8u121-b13/src/hotspot/src/share/vm/prims/jvm.cpp, line 1390]
Event: 0.116 Thread 0x00007fd1a8009800 Exception <a 'java/security/PrivilegedActionException'> (0x00000000ec08db88) thrown at [/build/openjdk-8-YiEakL/openjdk-8-8u121-b13/src/hotspot/src/share/vm/prims/jvm.cpp, line 1390]

Events (10 events):
Event: 0.159 loading class HeapSort
Event: 0.159 loading class HeapSort done
Event: 0.161 Thread 0x00007fd1a8161000 Thread exited: 0x00007fd1a8161000
Event: 0.161 Thread 0x00007fd1a8160000 Thread exited: 0x00007fd1a8160000
Event: 0.161 loading class java/util/Random
Event: 0.161 loading class java/util/Random done
Event: 0.162 Thread 0x00007fd1a8160000 Thread added: 0x00007fd1a8160000
Event: 0.162 Thread 0x00007fd1a8161000 Thread added: 0x00007fd1a8161000
Event: 0.162 loading class InsertionSort
Event: 0.162 loading class InsertionSort done


Dynamic libraries:
00400000-00401000 r-xp 00000000 08:09 715362                             /usr/lib/jvm/java-8-openjdk-amd64/jre/bin/java
00600000-00601000 r--p 00000000 08:09 715362                             /usr/lib/jvm/java-8-openjdk-amd64/jre/bin/java
00601000-00602000 rw-p 00001000 08:09 715362                             /usr/lib/jvm/java-8-openjdk-amd64/jre/bin/java
0180a000-0182b000 rw-p 00000000 00:00 0                                  [heap]
c4000000-c6800000 rw-p 00000000 00:00 0 
c6800000-ec000000 ---p 00000000 00:00 0 
ec000000-ed400000 rw-p 00000000 00:00 0 
ed400000-100000000 ---p 00000000 00:00 0 
100000000-100080000 rw-p 00000000 00:00 0 
100080000-140000000 ---p 00000000 00:00 0 
7fd154000000-7fd154021000 rw-p 00000000 00:00 0 
7fd154021000-7fd158000000 ---p 00000000 00:00 0 
7fd158000000-7fd158033000 rw-p 00000000 00:00 0 
7fd158033000-7fd15c000000 ---p 00000000 00:00 0 
7fd15c000000-7fd15c021000 rw-p 00000000 00:00 0 
7fd15c021000-7fd160000000 ---p 00000000 00:00 0 
7fd160000000-7fd160021000 rw-p 00000000 00:00 0 
7fd160021000-7fd164000000 ---p 00000000 00:00 0 
7fd164000000-7fd16418b000 rw-p 00000000 00:00 0 
7fd16418b000-7fd168000000 ---p 00000000 00:00 0 
7fd168000000-7fd1680e9000 rw-p 00000000 00:00 0 
7fd1680e9000-7fd16c000000 ---p 00000000 00:00 0 
7fd16c000000-7fd16c021000 rw-p 00000000 00:00 0 
7fd16c021000-7fd170000000 ---p 00000000 00:00 0 
7fd170000000-7fd170229000 rw-p 00000000 00:00 0 
7fd170229000-7fd174000000 ---p 00000000 00:00 0 
7fd174000000-7fd174021000 rw-p 00000000 00:00 0 
7fd174021000-7fd178000000 ---p 00000000 00:00 0 
7fd178000000-7fd178021000 rw-p 00000000 00:00 0 
7fd178021000-7fd17c000000 ---p 00000000 00:00 0 
7fd17c000000-7fd17c021000 rw-p 00000000 00:00 0 
7fd17c021000-7fd180000000 ---p 00000000 00:00 0 
7fd180000000-7fd180021000 rw-p 00000000 00:00 0 
7fd180021000-7fd184000000 ---p 00000000 00:00 0 
7fd184000000-7fd184021000 rw-p 00000000 00:00 0 
7fd184021000-7fd188000000 ---p 00000000 00:00 0 
7fd18c000000-7fd18c021000 rw-p 00000000 00:00 0 
7fd18c021000-7fd190000000 ---p 00000000 00:00 0 
7fd1916d0000-7fd1916d3000 ---p 00000000 00:00 0 
7fd1916d3000-7fd1917d1000 rw-p 00000000 00:00 0 
7fd1917d1000-7fd1917d4000 ---p 00000000 00:00 0 
7fd1917d4000-7fd1918d2000 rw-p 00000000 00:00 0 
7fd1918d2000-7fd1918e3000 r-xp 00000000 08:09 715332                     /usr/lib/jvm/java-8-openjdk-amd64/jre/lib/amd64/libnio.so
7fd1918e3000-7fd191ae3000 ---p 00011000 08:09 715332                     /usr/lib/jvm/java-8-openjdk-amd64/jre/lib/amd64/libnio.so
7fd191ae3000-7fd191ae4000 r--p 00011000 08:09 715332                     /usr/lib/jvm/java-8-openjdk-amd64/jre/lib/amd64/libnio.so
7fd191ae4000-7fd191ae5000 rw-p 00012000 08:09 715332                     /usr/lib/jvm/java-8-openjdk-amd64/jre/lib/amd64/libnio.so
7fd191ae5000-7fd191de6000 rw-p 00000000 00:00 0 
7fd191de6000-7fd191dfd000 r-xp 00000000 08:09 676238                     /usr/lib/jvm/java-8-openjdk-amd64/jre/lib/amd64/libnet.so
7fd191dfd000-7fd191ffc000 ---p 00017000 08:09 676238                     /usr/lib/jvm/java-8-openjdk-amd64/jre/lib/amd64/libnet.so
7fd191ffc000-7fd191ffd000 r--p 00016000 08:09 676238                     /usr/lib/jvm/java-8-openjdk-amd64/jre/lib/amd64/libnet.so
7fd191ffd000-7fd191ffe000 rw-p 00017000 08:09 676238                     /usr/lib/jvm/java-8-openjdk-amd64/jre/lib/amd64/libnet.so
7fd191ffe000-7fd191fff000 r-xp 00000000 08:09 1443610                    /home/jferris/ECE422/libinsertsort.so
7fd191fff000-7fd1921fe000 ---p 00001000 08:09 1443610                    /home/jferris/ECE422/libinsertsort.so
7fd1921fe000-7fd1921ff000 r--p 00000000 08:09 1443610                    /home/jferris/ECE422/libinsertsort.so
7fd1921ff000-7fd192200000 rw-p 00001000 08:09 1443610                    /home/jferris/ECE422/libinsertsort.so
7fd192200000-7fd194000000 rw-p 00000000 00:00 0 
7fd194000000-7fd194021000 rw-p 00000000 00:00 0 
7fd194021000-7fd198000000 ---p 00000000 00:00 0 
7fd1980e2000-7fd1980fd000 r--s 00394000 08:09 786050                     /usr/lib/jvm/java-8-openjdk-amd64/jre/lib/ext/cldrdata.jar
7fd1980fd000-7fd1980ff000 r--s 00008000 08:09 786046                     /usr/lib/jvm/java-8-openjdk-amd64/jre/lib/ext/sunec.jar
7fd1980ff000-7fd198101000 r--s 00001000 08:09 786048                     /usr/lib/jvm/java-8-openjdk-amd64/jre/lib/ext/dnsns.jar
7fd198101000-7fd19811c000 r--s 001d6000 08:09 786047                     /usr/lib/jvm/java-8-openjdk-amd64/jre/lib/ext/nashorn.jar
7fd19811c000-7fd19811d000 ---p 00000000 00:00 0 
7fd19811d000-7fd19821d000 rw-p 00000000 00:00 0 
7fd19821d000-7fd198220000 ---p 00000000 00:00 0 
7fd198220000-7fd19831e000 rw-p 00000000 00:00 0 
7fd19831e000-7fd198321000 ---p 00000000 00:00 0 
7fd198321000-7fd19841f000 rw-p 00000000 00:00 0 
7fd19841f000-7fd198422000 ---p 00000000 00:00 0 
7fd198422000-7fd198520000 rw-p 00000000 00:00 0 
7fd198520000-7fd198523000 ---p 00000000 00:00 0 
7fd198523000-7fd198621000 rw-p 00000000 00:00 0 
7fd198621000-7fd198624000 ---p 00000000 00:00 0 
7fd198624000-7fd198722000 rw-p 00000000 00:00 0 
7fd198722000-7fd1989fa000 r--p 00000000 08:09 654712                     /usr/lib/locale/locale-archive
7fd1989fa000-7fd1989fd000 ---p 00000000 00:00 0 
7fd1989fd000-7fd198afb000 rw-p 00000000 00:00 0 
7fd198afb000-7fd198afe000 ---p 00000000 00:00 0 
7fd198afe000-7fd198bfc000 rw-p 00000000 00:00 0 
7fd198bfc000-7fd198bfd000 ---p 00000000 00:00 0 
7fd198bfd000-7fd199000000 rw-p 00000000 00:00 0 
7fd199000000-7fd199270000 rwxp 00000000 00:00 0 
7fd199270000-7fd1a8000000 ---p 00000000 00:00 0 
7fd1a8000000-7fd1a818d000 rw-p 00000000 00:00 0 
7fd1a818d000-7fd1ac000000 ---p 00000000 00:00 0 
7fd1ac001000-7fd1ac004000 r--s 0000f000 08:09 786049                     /usr/lib/jvm/java-8-openjdk-amd64/jre/lib/ext/icedtea-sound.jar
7fd1ac004000-7fd1accc0000 rw-p 00000000 00:00 0 
7fd1accc0000-7fd1ace8e000 r--s 03c06000 08:09 715357                     /usr/lib/jvm/java-8-openjdk-amd64/jre/lib/rt.jar
7fd1ace8e000-7fd1ad344000 rw-p 00000000 00:00 0 
7fd1ad344000-7fd1ad704000 ---p 00000000 00:00 0 
7fd1ad704000-7fd1ad8e4000 rw-p 00000000 00:00 0 
7fd1ad8e4000-7fd1ad8e5000 ---p 00000000 00:00 0 
7fd1ad8e5000-7fd1ad9e5000 rw-p 00000000 00:00 0 
7fd1ad9e5000-7fd1ad9e6000 ---p 00000000 00:00 0 
7fd1ad9e6000-7fd1adae6000 rw-p 00000000 00:00 0 
7fd1adae6000-7fd1adae7000 ---p 00000000 00:00 0 
7fd1adae7000-7fd1adbe7000 rw-p 00000000 00:00 0 
7fd1adbe7000-7fd1adbe8000 ---p 00000000 00:00 0 
7fd1adbe8000-7fd1adcfc000 rw-p 00000000 00:00 0 
7fd1adcfc000-7fd1ade28000 ---p 00000000 00:00 0 
7fd1ade28000-7fd1ade3c000 rw-p 00000000 00:00 0 
7fd1ade3c000-7fd1adf68000 ---p 00000000 00:00 0 
7fd1adf68000-7fd1adf72000 rw-p 00000000 00:00 0 
7fd1adf72000-7fd1ae008000 ---p 00000000 00:00 0 
7fd1ae008000-7fd1ae013000 rw-p 00000000 00:00 0 
7fd1ae013000-7fd1ae3c9000 ---p 00000000 00:00 0 
7fd1ae3c9000-7fd1ae3d1000 r-xp 00000000 08:09 676236                     /usr/lib/jvm/java-8-openjdk-amd64/jre/lib/amd64/libzip.so
7fd1ae3d1000-7fd1ae5d0000 ---p 00008000 08:09 676236                     /usr/lib/jvm/java-8-openjdk-amd64/jre/lib/amd64/libzip.so
7fd1ae5d0000-7fd1ae5d1000 r--p 00007000 08:09 676236                     /usr/lib/jvm/java-8-openjdk-amd64/jre/lib/amd64/libzip.so
7fd1ae5d1000-7fd1ae5d2000 rw-p 00008000 08:09 676236                     /usr/lib/jvm/java-8-openjdk-amd64/jre/lib/amd64/libzip.so
7fd1ae5d2000-7fd1ae5dd000 r-xp 00000000 08:09 1192751                    /lib/x86_64-linux-gnu/libnss_files-2.23.so
7fd1ae5dd000-7fd1ae7dc000 ---p 0000b000 08:09 1192751                    /lib/x86_64-linux-gnu/libnss_files-2.23.so
7fd1ae7dc000-7fd1ae7dd000 r--p 0000a000 08:09 1192751                    /lib/x86_64-linux-gnu/libnss_files-2.23.so
7fd1ae7dd000-7fd1ae7de000 rw-p 0000b000 08:09 1192751                    /lib/x86_64-linux-gnu/libnss_files-2.23.so
7fd1ae7de000-7fd1ae7e4000 rw-p 00000000 00:00 0 
7fd1ae7e4000-7fd1ae7ef000 r-xp 00000000 08:09 1192736                    /lib/x86_64-linux-gnu/libnss_nis-2.23.so
7fd1ae7ef000-7fd1ae9ee000 ---p 0000b000 08:09 1192736                    /lib/x86_64-linux-gnu/libnss_nis-2.23.so
7fd1ae9ee000-7fd1ae9ef000 r--p 0000a000 08:09 1192736                    /lib/x86_64-linux-gnu/libnss_nis-2.23.so
7fd1ae9ef000-7fd1ae9f0000 rw-p 0000b000 08:09 1192736                    /lib/x86_64-linux-gnu/libnss_nis-2.23.so
7fd1ae9f0000-7fd1aea06000 r-xp 00000000 08:09 1192747                    /lib/x86_64-linux-gnu/libnsl-2.23.so
7fd1aea06000-7fd1aec05000 ---p 00016000 08:09 1192747                    /lib/x86_64-linux-gnu/libnsl-2.23.so
7fd1aec05000-7fd1aec06000 r--p 00015000 08:09 1192747                    /lib/x86_64-linux-gnu/libnsl-2.23.so
7fd1aec06000-7fd1aec07000 rw-p 00016000 08:09 1192747                    /lib/x86_64-linux-gnu/libnsl-2.23.so
7fd1aec07000-7fd1aec09000 rw-p 00000000 00:00 0 
7fd1aec09000-7fd1aec11000 r-xp 00000000 08:09 1192748                    /lib/x86_64-linux-gnu/libnss_compat-2.23.so
7fd1aec11000-7fd1aee10000 ---p 00008000 08:09 1192748                    /lib/x86_64-linux-gnu/libnss_compat-2.23.so
7fd1aee10000-7fd1aee11000 r--p 00007000 08:09 1192748                    /lib/x86_64-linux-gnu/libnss_compat-2.23.so
7fd1aee11000-7fd1aee12000 rw-p 00008000 08:09 1192748                    /lib/x86_64-linux-gnu/libnss_compat-2.23.so
7fd1aee12000-7fd1aee3f000 r-xp 00000000 08:09 715347                     /usr/lib/jvm/java-8-openjdk-amd64/jre/lib/amd64/libjava.so
7fd1aee3f000-7fd1af03e000 ---p 0002d000 08:09 715347                     /usr/lib/jvm/java-8-openjdk-amd64/jre/lib/amd64/libjava.so
7fd1af03e000-7fd1af03f000 r--p 0002c000 08:09 715347                     /usr/lib/jvm/java-8-openjdk-amd64/jre/lib/amd64/libjava.so
7fd1af03f000-7fd1af041000 rw-p 0002d000 08:09 715347                     /usr/lib/jvm/java-8-openjdk-amd64/jre/lib/amd64/libjava.so
7fd1af041000-7fd1af050000 r-xp 00000000 08:09 676135                     /usr/lib/jvm/java-8-openjdk-amd64/jre/lib/amd64/libverify.so
7fd1af050000-7fd1af24f000 ---p 0000f000 08:09 676135                     /usr/lib/jvm/java-8-openjdk-amd64/jre/lib/amd64/libverify.so
7fd1af24f000-7fd1af251000 r--p 0000e000 08:09 676135                     /usr/lib/jvm/java-8-openjdk-amd64/jre/lib/amd64/libverify.so
7fd1af251000-7fd1af252000 rw-p 00010000 08:09 676135                     /usr/lib/jvm/java-8-openjdk-amd64/jre/lib/amd64/libverify.so
7fd1af252000-7fd1af259000 r-xp 00000000 08:09 1192735                    /lib/x86_64-linux-gnu/librt-2.23.so
7fd1af259000-7fd1af458000 ---p 00007000 08:09 1192735                    /lib/x86_64-linux-gnu/librt-2.23.so
7fd1af458000-7fd1af459000 r--p 00006000 08:09 1192735                    /lib/x86_64-linux-gnu/librt-2.23.so
7fd1af459000-7fd1af45a000 rw-p 00007000 08:09 1192735                    /lib/x86_64-linux-gnu/librt-2.23.so
7fd1af45a000-7fd1af470000 r-xp 00000000 08:09 1182631                    /lib/x86_64-linux-gnu/libgcc_s.so.1
7fd1af470000-7fd1af66f000 ---p 00016000 08:09 1182631                    /lib/x86_64-linux-gnu/libgcc_s.so.1
7fd1af66f000-7fd1af670000 rw-p 00015000 08:09 1182631                    /lib/x86_64-linux-gnu/libgcc_s.so.1
7fd1af670000-7fd1af778000 r-xp 00000000 08:09 1192745                    /lib/x86_64-linux-gnu/libm-2.23.so
7fd1af778000-7fd1af977000 ---p 00108000 08:09 1192745                    /lib/x86_64-linux-gnu/libm-2.23.so
7fd1af977000-7fd1af978000 r--p 00107000 08:09 1192745                    /lib/x86_64-linux-gnu/libm-2.23.so
7fd1af978000-7fd1af979000 rw-p 00108000 08:09 1192745                    /lib/x86_64-linux-gnu/libm-2.23.so
7fd1af979000-7fd1afaeb000 r-xp 00000000 08:09 656397                     /usr/lib/x86_64-linux-gnu/libstdc++.so.6.0.21
7fd1afaeb000-7fd1afceb000 ---p 00172000 08:09 656397                     /usr/lib/x86_64-linux-gnu/libstdc++.so.6.0.21
7fd1afceb000-7fd1afcf5000 r--p 00172000 08:09 656397                     /usr/lib/x86_64-linux-gnu/libstdc++.so.6.0.21
7fd1afcf5000-7fd1afcf7000 rw-p 0017c000 08:09 656397                     /usr/lib/x86_64-linux-gnu/libstdc++.so.6.0.21
7fd1afcf7000-7fd1afcfb000 rw-p 00000000 00:00 0 
7fd1afcfb000-7fd1b094b000 r-xp 00000000 08:09 715342                     /usr/lib/jvm/java-8-openjdk-amd64/jre/lib/amd64/server/libjvm.so
7fd1b094b000-7fd1b0b4a000 ---p 00c50000 08:09 715342                     /usr/lib/jvm/java-8-openjdk-amd64/jre/lib/amd64/server/libjvm.so
7fd1b0b4a000-7fd1b0bdd000 r--p 00c4f000 08:09 715342                     /usr/lib/jvm/java-8-openjdk-amd64/jre/lib/amd64/server/libjvm.so
7fd1b0bdd000-7fd1b0c06000 rw-p 00ce2000 08:09 715342                     /usr/lib/jvm/java-8-openjdk-amd64/jre/lib/amd64/server/libjvm.so
7fd1b0c06000-7fd1b0c36000 rw-p 00000000 00:00 0 
7fd1b0c36000-7fd1b0c4e000 r-xp 00000000 08:09 1192746                    /lib/x86_64-linux-gnu/libpthread-2.23.so
7fd1b0c4e000-7fd1b0e4d000 ---p 00018000 08:09 1192746                    /lib/x86_64-linux-gnu/libpthread-2.23.so
7fd1b0e4d000-7fd1b0e4e000 r--p 00017000 08:09 1192746                    /lib/x86_64-linux-gnu/libpthread-2.23.so
7fd1b0e4e000-7fd1b0e4f000 rw-p 00018000 08:09 1192746                    /lib/x86_64-linux-gnu/libpthread-2.23.so
7fd1b0e4f000-7fd1b0e53000 rw-p 00000000 00:00 0 
7fd1b0e53000-7fd1b0e56000 r-xp 00000000 08:09 1192739                    /lib/x86_64-linux-gnu/libdl-2.23.so
7fd1b0e56000-7fd1b1055000 ---p 00003000 08:09 1192739                    /lib/x86_64-linux-gnu/libdl-2.23.so
7fd1b1055000-7fd1b1056000 r--p 00002000 08:09 1192739                    /lib/x86_64-linux-gnu/libdl-2.23.so
7fd1b1056000-7fd1b1057000 rw-p 00003000 08:09 1192739                    /lib/x86_64-linux-gnu/libdl-2.23.so
7fd1b1057000-7fd1b1070000 r-xp 00000000 08:09 1182784                    /lib/x86_64-linux-gnu/libz.so.1.2.8
7fd1b1070000-7fd1b126f000 ---p 00019000 08:09 1182784                    /lib/x86_64-linux-gnu/libz.so.1.2.8
7fd1b126f000-7fd1b1270000 r--p 00018000 08:09 1182784                    /lib/x86_64-linux-gnu/libz.so.1.2.8
7fd1b1270000-7fd1b1271000 rw-p 00019000 08:09 1182784                    /lib/x86_64-linux-gnu/libz.so.1.2.8
7fd1b1271000-7fd1b1430000 r-xp 00000000 08:09 1192740                    /lib/x86_64-linux-gnu/libc-2.23.so
7fd1b1430000-7fd1b1630000 ---p 001bf000 08:09 1192740                    /lib/x86_64-linux-gnu/libc-2.23.so
7fd1b1630000-7fd1b1634000 r--p 001bf000 08:09 1192740                    /lib/x86_64-linux-gnu/libc-2.23.so
7fd1b1634000-7fd1b1636000 rw-p 001c3000 08:09 1192740                    /lib/x86_64-linux-gnu/libc-2.23.so
7fd1b1636000-7fd1b163a000 rw-p 00000000 00:00 0 
7fd1b163a000-7fd1b1647000 r-xp 00000000 08:09 715337                     /usr/lib/jvm/java-8-openjdk-amd64/jre/lib/amd64/jli/libjli.so
7fd1b1647000-7fd1b1847000 ---p 0000d000 08:09 715337                     /usr/lib/jvm/java-8-openjdk-amd64/jre/lib/amd64/jli/libjli.so
7fd1b1847000-7fd1b1848000 r--p 0000d000 08:09 715337                     /usr/lib/jvm/java-8-openjdk-amd64/jre/lib/amd64/jli/libjli.so
7fd1b1848000-7fd1b1849000 rw-p 0000e000 08:09 715337                     /usr/lib/jvm/java-8-openjdk-amd64/jre/lib/amd64/jli/libjli.so
7fd1b1849000-7fd1b186f000 r-xp 00000000 08:09 1184452                    /lib/x86_64-linux-gnu/ld-2.23.so
7fd1b186f000-7fd1b1870000 r--s 0000a000 08:09 786055                     /usr/lib/jvm/java-8-openjdk-amd64/jre/lib/ext/jaccess.jar
7fd1b1870000-7fd1b1874000 r--s 00037000 08:09 786052                     /usr/lib/jvm/java-8-openjdk-amd64/jre/lib/ext/sunpkcs11.jar
7fd1b1874000-7fd1b194c000 rw-p 00000000 00:00 0 
7fd1b194c000-7fd1b194f000 ---p 00000000 00:00 0 
7fd1b194f000-7fd1b1a52000 rw-p 00000000 00:00 0 
7fd1b1a52000-7fd1b1a57000 r--s 0003b000 08:09 786054                     /usr/lib/jvm/java-8-openjdk-amd64/jre/lib/ext/sunjce_provider.jar
7fd1b1a57000-7fd1b1a58000 r--s 00010000 08:09 786051                     /usr/lib/jvm/java-8-openjdk-amd64/jre/lib/ext/zipfs.jar
7fd1b1a58000-7fd1b1a62000 r--s 00116000 08:09 786053                     /usr/lib/jvm/java-8-openjdk-amd64/jre/lib/ext/localedata.jar
7fd1b1a62000-7fd1b1a6a000 rw-s 00000000 08:09 535928                     /tmp/hsperfdata_jferris/12582
7fd1b1a6a000-7fd1b1a6b000 rw-p 00000000 00:00 0 
7fd1b1a6b000-7fd1b1a6c000 r--p 00000000 00:00 0 
7fd1b1a6c000-7fd1b1a6e000 rw-p 00000000 00:00 0 
7fd1b1a6e000-7fd1b1a6f000 r--p 00025000 08:09 1184452                    /lib/x86_64-linux-gnu/ld-2.23.so
7fd1b1a6f000-7fd1b1a70000 rw-p 00026000 08:09 1184452                    /lib/x86_64-linux-gnu/ld-2.23.so
7fd1b1a70000-7fd1b1a71000 rw-p 00000000 00:00 0 
7fff26372000-7fff26393000 rw-p 00000000 00:00 0                          [stack]
7fff263e4000-7fff263e6000 r--p 00000000 00:00 0                          [vvar]
7fff263e6000-7fff263e8000 r-xp 00000000 00:00 0                          [vdso]
ffffffffff600000-ffffffffff601000 r-xp 00000000 00:00 0                  [vsyscall]

VM Arguments:
java_command: DataSorter file out 1 1 1
java_class_path (initial): .
Launcher Type: SUN_STANDARD

Environment Variables:
JAVA_HOME=/usr/lib/jvm/java-8-openjdk-amd64
PATH=/home/jferris/bin:/home/jferris/.local/bin:/usr/local/sbin:/usr/local/bin:/usr/sbin:/usr/bin:/sbin:/bin:/usr/games:/usr/local/games:/snap/bin:/home/jferris/bin:/home/jferris/bin:/home/jferris/bin:/home/jferris/bin:/home/jferris/bin:/home/jferris/bin
LD_LIBRARY_PATH=:.
SHELL=/bin/bash
DISPLAY=:0

Signal Handlers:
SIGSEGV: [libjvm.so+0xa66fd0], sa_mask[0]=11111111011111111101111111111110, sa_flags=SA_RESTART|SA_SIGINFO
SIGBUS: [libjvm.so+0xa66fd0], sa_mask[0]=11111111011111111101111111111110, sa_flags=SA_RESTART|SA_SIGINFO
SIGFPE: [libjvm.so+0x8b0180], sa_mask[0]=11111111011111111101111111111110, sa_flags=SA_RESTART|SA_SIGINFO
SIGPIPE: [libjvm.so+0x8b0180], sa_mask[0]=11111111011111111101111111111110, sa_flags=SA_RESTART|SA_SIGINFO
SIGXFSZ: [libjvm.so+0x8b0180], sa_mask[0]=11111111011111111101111111111110, sa_flags=SA_RESTART|SA_SIGINFO
SIGILL: [libjvm.so+0x8b0180], sa_mask[0]=11111111011111111101111111111110, sa_flags=SA_RESTART|SA_SIGINFO
SIGUSR1: SIG_DFL, sa_mask[0]=00000000000000000000000000000000, sa_flags=none
SIGUSR2: [libjvm.so+0x8b0030], sa_mask[0]=00000000000000000000000000000000, sa_flags=SA_RESTART|SA_SIGINFO
SIGHUP: [libjvm.so+0x8b0500], sa_mask[0]=11111111011111111101111111111110, sa_flags=SA_RESTART|SA_SIGINFO
SIGINT: [libjvm.so+0x8b0500], sa_mask[0]=11111111011111111101111111111110, sa_flags=SA_RESTART|SA_SIGINFO
SIGTERM: [libjvm.so+0x8b0500], sa_mask[0]=11111111011111111101111111111110, sa_flags=SA_RESTART|SA_SIGINFO
SIGQUIT: [libjvm.so+0x8b0500], sa_mask[0]=11111111011111111101111111111110, sa_flags=SA_RESTART|SA_SIGINFO


---------------  S Y S T E M  ---------------

OS:DISTRIB_ID=Ubuntu
DISTRIB_RELEASE=16.04
DISTRIB_CODENAME=xenial
DISTRIB_DESCRIPTION="Ubuntu 16.04.1 LTS"

uname:Linux 4.4.0-64-generic #85-Ubuntu SMP Mon Feb 20 11:50:30 UTC 2017 x86_64
libc:glibc 2.23 NPTL 2.23 
rlimit: STACK 8192k, CORE 0k, NPROC 15105, NOFILE 65536, AS infinity
load average:0.48 0.34 0.33

/proc/meminfo:
MemTotal:        3929876 kB
MemFree:         1048060 kB
MemAvailable:    1612904 kB
Buffers:           81536 kB
Cached:          1139144 kB
SwapCached:            0 kB
Active:          1867844 kB
Inactive:         849724 kB
Active(anon):    1462956 kB
Inactive(anon):   510780 kB
Active(file):     404888 kB
Inactive(file):   338944 kB
Unevictable:          32 kB
Mlocked:              32 kB
SwapTotal:       4077564 kB
SwapFree:        4077564 kB
Dirty:               140 kB
Writeback:             0 kB
AnonPages:       1496800 kB
Mapped:           411316 kB
Shmem:            476852 kB
Slab:              81080 kB
SReclaimable:      47416 kB
SUnreclaim:        33664 kB
KernelStack:        8480 kB
PageTables:        32516 kB
NFS_Unstable:          0 kB
Bounce:                0 kB
WritebackTmp:          0 kB
CommitLimit:     6042500 kB
Committed_AS:    5704716 kB
VmallocTotal:   34359738367 kB
VmallocUsed:           0 kB
VmallocChunk:          0 kB
HardwareCorrupted:     0 kB
AnonHugePages:    743424 kB
CmaTotal:              0 kB
CmaFree:               0 kB
HugePages_Total:       0
HugePages_Free:        0
HugePages_Rsvd:        0
HugePages_Surp:        0
Hugepagesize:       2048 kB
DirectMap4k:      104764 kB
DirectMap2M:     3973120 kB


CPU:total 4 (2 cores per cpu, 2 threads per core) family 6 model 58 stepping 9, cmov, cx8, fxsr, mmx, sse, sse2, sse3, ssse3, sse4.1, sse4.2, popcnt, avx, aes, clmul, erms, ht, tsc, tscinvbit, tscinv

/proc/cpuinfo:
processor	: 0
vendor_id	: GenuineIntel
cpu family	: 6
model		: 58
model name	: Intel(R) Core(TM) i7-3517U CPU @ 1.90GHz
stepping	: 9
microcode	: 0x1c
cpu MHz		: 2799.937
cache size	: 4096 KB
physical id	: 0
siblings	: 4
core id		: 0
cpu cores	: 2
apicid		: 0
initial apicid	: 0
fpu		: yes
fpu_exception	: yes
cpuid level	: 13
wp		: yes
flags		: fpu vme de pse tsc msr pae mce cx8 apic sep mtrr pge mca cmov pat pse36 clflush dts acpi mmx fxsr sse sse2 ss ht tm pbe syscall nx rdtscp lm constant_tsc arch_perfmon pebs bts rep_good nopl xtopology nonstop_tsc aperfmperf eagerfpu pni pclmulqdq dtes64 monitor ds_cpl vmx est tm2 ssse3 cx16 xtpr pdcm pcid sse4_1 sse4_2 x2apic popcnt tsc_deadline_timer aes xsave avx f16c rdrand lahf_lm epb tpr_shadow vnmi flexpriority ept vpid fsgsbase smep erms xsaveopt dtherm ida arat pln pts
bugs		:
bogomips	: 4788.80
clflush size	: 64
cache_alignment	: 64
address sizes	: 36 bits physical, 48 bits virtual
power management:

processor	: 1
vendor_id	: GenuineIntel
cpu family	: 6
model		: 58
model name	: Intel(R) Core(TM) i7-3517U CPU @ 1.90GHz
stepping	: 9
microcode	: 0x1c
cpu MHz		: 2799.937
cache size	: 4096 KB
physical id	: 0
siblings	: 4
core id		: 1
cpu cores	: 2
apicid		: 2
initial apicid	: 2
fpu		: yes
fpu_exception	: yes
cpuid level	: 13
wp		: yes
flags		: fpu vme de pse tsc msr pae mce cx8 apic sep mtrr pge mca cmov pat pse36 clflush dts acpi mmx fxsr sse sse2 ss ht tm pbe syscall nx rdtscp lm constant_tsc arch_perfmon pebs bts rep_good nopl xtopology nonstop_tsc aperfmperf eagerfpu pni pclmulqdq dtes64 monitor ds_cpl vmx est tm2 ssse3 cx16 xtpr pdcm pcid sse4_1 sse4_2 x2apic popcnt tsc_deadline_timer aes xsave avx f16c rdrand lahf_lm epb tpr_shadow vnmi flexpriority ept vpid fsgsbase smep erms xsaveopt dtherm ida arat pln pts
bugs		:
bogomips	: 4788.80
clflush size	: 64
cache_alignment	: 64
address sizes	: 36 bits physical, 48 bits virtual
power management:

processor	: 2
vendor_id	: GenuineIntel
cpu family	: 6
model		: 58
model name	: Intel(R) Core(TM) i7-3517U CPU @ 1.90GHz
stepping	: 9
microcode	: 0x1c
cpu MHz		: 2827.500
cache size	: 4096 KB
physical id	: 0
siblings	: 4
core id		: 0
cpu cores	: 2
apicid		: 1
initial apicid	: 1
fpu		: yes
fpu_exception	: yes
cpuid level	: 13
wp		: yes
flags		: fpu vme de pse tsc msr pae mce cx8 apic sep mtrr pge mca cmov pat pse36 clflush dts acpi mmx fxsr sse sse2 ss ht tm pbe syscall nx rdtscp lm constant_tsc arch_perfmon pebs bts rep_good nopl xtopology nonstop_tsc aperfmperf eagerfpu pni pclmulqdq dtes64 monitor ds_cpl vmx est tm2 ssse3 cx16 xtpr pdcm pcid sse4_1 sse4_2 x2apic popcnt tsc_deadline_timer aes xsave avx f16c rdrand lahf_lm epb tpr_shadow vnmi flexpriority ept vpid fsgsbase smep erms xsaveopt dtherm ida arat pln pts
bugs		:
bogomips	: 4788.80
clflush size	: 64
cache_alignment	: 64
address sizes	: 36 bits physical, 48 bits virtual
power management:

processor	: 3
vendor_id	: GenuineIntel
cpu family	: 6
model		: 58
model name	: Intel(R) Core(TM) i7-3517U CPU @ 1.90GHz
stepping	: 9
microcode	: 0x1c
cpu MHz		: 2799.937
cache size	: 4096 KB
physical id	: 0
siblings	: 4
core id		: 1
cpu cores	: 2
apicid		: 3
initial apicid	: 3
fpu		: yes
fpu_exception	: yes
cpuid level	: 13
wp		: yes
flags		: fpu vme de pse tsc msr pae mce cx8 apic sep mtrr pge mca cmov pat pse36 clflush dts acpi mmx fxsr sse sse2 ss ht tm pbe syscall nx rdtscp lm constant_tsc arch_perfmon pebs bts rep_good nopl xtopology nonstop_tsc aperfmperf eagerfpu pni pclmulqdq dtes64 monitor ds_cpl vmx est tm2 ssse3 cx16 xtpr pdcm pcid sse4_1 sse4_2 x2apic popcnt tsc_deadline_timer aes xsave avx f16c rdrand lahf_lm epb tpr_shadow vnmi flexpriority ept vpid fsgsbase smep erms xsaveopt dtherm ida arat pln pts
bugs		:
bogomips	: 4788.80
clflush size	: 64
cache_alignment	: 64
address sizes	: 36 bits physical, 48 bits virtual
power management:



Memory: 4k page, physical 3929876k(1048060k free), swap 4077564k(4077564k free)

vm_info: OpenJDK 64-Bit Server VM (25.121-b13) for linux-amd64 JRE (1.8.0_121-8u121-b13-0ubuntu1.16.04.2-b13), built on Jan 23 2017 15:51:29 by "buildd" with gcc 5.4.0 20160609

time: Mon Mar  6 16:14:46 2017
elapsed time: 0 seconds (0d 0h 0m 0s)

